<?xml version="1.0" encoding="UTF-8"?>
<!-- Generated by org.testng.reporters.JUnitReportReporter -->
<testsuite hostname="LAPTOP-EOOC2NHS" failures="0" tests="1" name="com.inetbanking.TestCases.TC_Login" time="4.917" errors="0" timestamp="2023-11-28T15:36:59 IST" skipped="0">
  <testcase classname="com.inetbanking.TestCases.TC_Login" name="loginTest" time="4.917"/>
  <system-out/>
</testsuite> <!-- com.inetbanking.TestCases.TC_Login -->
